SF:lib/components/coreWidgets/AppButton.dart
DA:21,1
DA:23,1
DA:25,1
DA:26,1
DA:27,1
DA:28,1
DA:29,1
DA:30,1
DA:31,1
DA:32,1
DA:33,1
DA:34,2
DA:36,1
DA:38,1
DA:39,2
DA:40,1
DA:42,1
DA:46,4
LF:18
LH:18
end_of_record
SF:lib/components/coreWidgets/EditText.dart
DA:24,1
DA:26,1
DA:27,1
DA:32,1
DA:34,1
DA:35,2
DA:36,1
DA:37,1
DA:38,3
DA:40,2
DA:41,2
DA:42,1
DA:43,2
DA:44,2
DA:45,2
DA:46,3
DA:47,6
DA:49,2
DA:51,2
DA:52,2
DA:53,2
DA:54,2
DA:55,2
DA:56,2
LF:24
LH:24
end_of_record
SF:lib/feature/presentation/bloc/task/task_state.dart
DA:4,1
DA:8,0
DA:9,0
DA:13,0
DA:14,0
DA:18,0
DA:19,0
DA:24,0
DA:25,0
DA:29,0
DA:30,0
DA:36,0
DA:38,0
DA:39,0
DA:47,1
DA:50,0
DA:51,0
DA:56,0
DA:57,0
DA:61,0
DA:62,0
DA:68,0
DA:70,0
DA:71,0
DA:79,0
DA:82,0
DA:83,0
LF:27
LH:2
end_of_record
SF:lib/feature/presentation/bloc/task/task_event.dart
DA:4,1
DA:8,0
DA:9,0
DA:17,1
DA:19,0
DA:20,0
DA:28,0
DA:30,0
DA:31,0
DA:37,0
DA:39,0
DA:40,0
LF:12
LH:2
end_of_record
SF:lib/feature/presentation/bloc/task/task_bloc.dart
DA:11,3
DA:12,2
DA:13,2
DA:14,2
DA:15,2
DA:16,2
DA:20,1
DA:21,2
DA:22,4
DA:23,0
DA:24,0
DA:26,2
DA:27,2
DA:28,2
DA:29,2
DA:34,0
DA:35,0
DA:36,0
DA:37,0
DA:38,0
DA:40,0
DA:41,0
DA:42,0
DA:43,0
DA:48,0
DA:49,0
DA:50,0
DA:51,0
DA:54,0
DA:55,0
DA:56,0
DA:57,0
DA:62,3
LF:33
LH:14
end_of_record
SF:lib/feature/presentation/pages/CreateTaskView.dart
DA:12,2
DA:14,1
DA:15,1
DA:24,1
DA:26,1
DA:27,3
DA:30,1
DA:32,1
DA:34,1
DA:36,4
DA:37,3
DA:38,3
DA:39,3
DA:40,1
DA:41,1
DA:42,1
DA:43,1
DA:44,1
DA:45,0
DA:46,0
DA:47,1
DA:48,0
DA:49,1
DA:50,1
DA:53,1
DA:54,1
DA:55,1
DA:56,1
DA:57,1
DA:58,1
DA:60,1
DA:61,1
DA:63,1
DA:64,1
DA:67,1
DA:69,1
DA:70,0
DA:71,0
DA:73,0
DA:77,1
DA:78,1
DA:81,1
DA:82,1
DA:83,0
DA:84,0
DA:86,0
LF:46
LH:37
end_of_record
SF:lib/main.dart
DA:9,0
DA:10,0
DA:14,1
DA:17,0
DA:19,0
DA:20,0
DA:21,0
DA:23,0
DA:24,0
DA:32,3
DA:33,3
LF:11
LH:3
end_of_record
SF:lib/components/constants/AppColors.dart
DA:16,2
LF:1
LH:1
end_of_record
SF:lib/components/constants/AppTheme.dart
DA:10,0
DA:19,0
DA:20,0
DA:23,0
DA:31,0
DA:32,0
DA:36,0
DA:38,0
DA:44,0
DA:46,0
DA:47,0
DA:48,0
DA:50,0
DA:51,0
DA:52,0
DA:55,0
DA:57,0
DA:59,0
DA:61,0
DA:63,0
DA:65,0
DA:66,0
DA:69,0
DA:70,0
LF:24
LH:0
end_of_record
SF:lib/components/coreWidgets/TapWidget.dart
DA:10,1
DA:13,1
DA:15,1
DA:16,2
DA:17,1
DA:19,1
DA:20,1
DA:21,1
DA:22,1
DA:23,1
LF:10
LH:10
end_of_record
SF:lib/components/coreWidgets/TextView.dart
DA:22,3
DA:39,1
DA:41,1
DA:42,1
DA:43,1
DA:44,1
DA:45,1
DA:46,2
DA:47,1
DA:48,1
DA:49,1
DA:50,1
LF:12
LH:12
end_of_record
SF:lib/components/coreWidgets/AppLoader.dart
DA:6,1
DA:7,1
DA:11,0
LF:3
LH:2
end_of_record
SF:lib/components/coreWidgets/ImageView.dart
DA:23,1
DA:32,1
DA:33,1
DA:34,1
DA:35,0
DA:36,1
DA:37,0
DA:39,2
DA:43,1
DA:45,1
DA:46,1
DA:47,1
DA:48,1
DA:49,1
DA:50,1
DA:51,1
DA:52,1
DA:53,0
DA:54,0
DA:56,1
DA:57,2
DA:58,1
DA:59,2
DA:60,1
DA:61,1
DA:62,1
DA:63,1
DA:64,1
DA:65,1
DA:66,0
DA:71,3
LF:31
LH:26
end_of_record
SF:lib/components/widgets/AppBar2.dart
DA:17,2
DA:19,1
DA:21,1
DA:22,1
DA:23,1
DA:25,1
DA:26,1
DA:27,1
DA:28,1
DA:29,1
DA:30,1
DA:31,1
DA:35,4
DA:36,2
LF:14
LH:14
end_of_record
SF:lib/core/utils/DateTimeUtils.dart
DA:6,0
DA:8,0
DA:11,0
DA:14,0
DA:17,0
DA:20,0
DA:37,0
DA:38,0
DA:39,0
DA:40,0
DA:41,0
DA:47,0
DA:48,0
LF:13
LH:0
end_of_record
SF:lib/core/utils/appExtension.dart
DA:7,0
DA:9,0
DA:10,0
DA:14,0
DA:16,0
DA:17,0
DA:21,0
DA:23,0
DA:24,0
DA:26,0
DA:29,0
DA:34,2
DA:37,3
DA:39,0
DA:40,0
DA:42,0
DA:43,0
DA:44,0
DA:47,0
DA:48,0
DA:50,0
DA:51,0
DA:53,0
DA:76,0
DA:77,0
DA:82,0
DA:84,0
DA:86,0
DA:87,0
DA:88,0
DA:91,0
DA:94,0
DA:95,0
DA:96,0
DA:97,0
DA:102,0
DA:103,0
DA:104,0
DA:105,0
DA:110,0
DA:111,0
DA:112,0
DA:115,0
DA:118,0
DA:119,0
LF:45
LH:2
end_of_record
SF:lib/feature/presentation/widgets/FormWidget.dart
DA:16,1
DA:18,1
DA:20,1
DA:21,1
DA:22,1
DA:23,1
DA:24,1
DA:25,1
DA:26,1
DA:29,2
DA:31,1
DA:32,1
DA:33,1
DA:34,1
DA:35,1
DA:36,1
DA:37,1
LF:17
LH:17
end_of_record
SF:lib/feature/presentation/pages/HomeView.dart
DA:16,1
DA:18,0
DA:19,0
DA:24,0
DA:26,0
DA:27,0
DA:28,0
DA:31,0
DA:33,0
DA:34,0
DA:35,0
DA:36,0
DA:42,0
DA:43,0
DA:44,0
DA:45,0
DA:46,0
DA:47,0
DA:48,0
DA:51,0
DA:52,0
DA:55,0
DA:56,0
DA:57,0
DA:58,0
DA:59,0
DA:61,0
DA:62,0
DA:68,0
DA:69,0
LF:30
LH:1
end_of_record
SF:lib/feature/presentation/widgets/TaskListTile.dart
DA:14,0
DA:16,0
DA:18,0
DA:19,0
DA:20,0
DA:22,0
DA:23,0
DA:32,0
DA:33,0
LF:9
LH:0
end_of_record
SF:lib/feature/presentation/pages/UpdateTaskView.dart
DA:12,1
DA:14,0
DA:15,0
DA:24,0
DA:26,0
DA:27,0
DA:30,0
DA:32,0
DA:34,0
DA:36,0
DA:37,0
DA:38,0
DA:39,0
DA:40,0
DA:41,0
DA:42,0
DA:43,0
DA:44,0
DA:45,0
DA:46,0
DA:47,0
DA:48,0
DA:49,0
DA:50,0
DA:53,0
DA:54,0
DA:55,0
DA:56,0
DA:57,0
DA:59,0
DA:60,0
DA:62,0
DA:64,0
DA:67,0
DA:68,0
DA:70,0
DA:74,0
DA:77,0
DA:78,0
DA:79,0
DA:81,0
LF:41
LH:1
end_of_record
SF:lib/feature/presentation/pages/SplashView.dart
DA:10,1
DA:12,0
DA:13,0
DA:18,0
DA:20,0
DA:21,0
DA:24,0
DA:25,0
DA:26,0
DA:29,0
LF:10
LH:1
end_of_record
